xx
<< Calling textblocks version 0.1.0
++ Log file set to sample3.out1.log
++ Created output file sample3.out1
++ Output file set to sample3.out1
 < copyblocks sample3.txt sample3.out1 "1.1-2 1.4-13 3.1-3 4.2-4 4.6-7 5.1-5 6.1 6.8-11 7.1-3 		 8.1 8.3-4 9.1-3 2.1-2 3.4 4.1-5 5.10-11 6.7 7.4 8.5 9.6-7"
 > copyblocks ok
xx
<< Calling textblocks version 0.1.0
++ Log file set to sample3.out1.log
++ Changes to be made on input file sample3.out1
 < mergeblocks sample3.out1 "1.4-5"
 > mergeblocks ok
xx
<< Calling textblocks version 0.1.0
++ Log file set to sample3.out1.log
++ Changes to be made on input file sample3.out1
 < mergeblocks sample3.out1 "1.7-12"
 > mergeblocks ok
xx
<< Calling textblocks version 0.1.0
++ Log file set to sample3.out1.log
++ Changes to be made on input file sample3.out1
 < mergeblocks sample3.out1 "2.1-2"
 > mergeblocks ok
xx
<< Calling textblocks version 0.1.0
++ Log file set to sample3.out1.log
++ Changes to be made on input file sample3.out1
 < mergeblocks sample3.out1 "4.1 4.5"
 > mergeblocks ok
xx
<< Calling textblocks version 0.1.0
++ Log file set to sample3.out1.log
++ Changes to be made on input file sample3.out1
 < mergeblocks sample3.out1 "4.3-4"
 > mergeblocks ok
xx
<< Calling textblocks version 0.1.0
++ Log file set to sample3.out1.log
++ Changes to be made on input file sample3.out1
 < mergeblocks sample3.out1 "5.3-4"
 > mergeblocks ok
xx
<< Calling textblocks version 0.1.0
++ Log file set to sample3.out1.log
++ Changes to be made on input file sample3.out1
 < mergeblocks sample3.out1 "5.10-11"
 > mergeblocks ok
xx
<< Calling textblocks version 0.1.0
++ Log file set to sample3.out1.log
++ Changes to be made on input file sample3.out1
 < mergeblocks sample3.out1 "6.9-10"
 > mergeblocks ok
xx
<< Calling textblocks version 0.1.0
++ Log file set to sample3.out1.log
++ Changes to be made on input file sample3.out1
 < mergeblocks sample3.out1 "8.3-4"
 > mergeblocks ok
xx
<< Calling textblocks version 0.1.0
++ Log file set to sample3.out1.log
++ Changes to be made on input file sample3.out1
 < mergeblocks sample3.out1 "9.6-7"
 > mergeblocks ok
xx
<< Calling textblocks version 0.1.0
++ Log file set to sample3.out1.log
++ Changes to be made on input file sample3.out1
 < autoblocks sample3.out1 merge
 < mergeblocks sample3.out1 {1.13 3.1 3.2 3.3 4.6 4.7 5.1}
 > mergeblocks ok
 < mergeblocks sample3.out1 {5.5 6.1}
 > mergeblocks ok
 < mergeblocks sample3.out1 {7.1 7.2}
 > mergeblocks ok
 < mergeblocks sample3.out1 {7.3 8.1}
 > mergeblocks ok
 < mergeblocks sample3.out1 {9.1 9.2}
 > mergeblocks ok
 > autoblocks blocks ok
xx
<< Calling textblocks version 0.1.0
++ Log file set to sample3.out1.log
++ Changes to be made on input file sample3.out1
 < autoblocks sample3.out1 renumber
 < renumberblocks sample3.out1 from 1.1 to 9.6
 > renumberblocks ok
 > autoblocks blocks ok
xx
<< Calling textblocks version 0.1.0
++ Log file set to sample3.out1.log
++ Changes to be made on input file sample3.out1
 < cleanblocks sample3.out1 sample3.out1  rs "\([a-z]\)- \+\([a-z]\):\1\2" sed /^\s*$/d as .:
 sed s/^ *//g
 + cleaning block 1.1
 + cleaning block 1.2
 + cleaning block 1.3
 + cleaning block 1.4
 + cleaning block 1.5
 + cleaning block 1.6
 + cleaning block 1.7
 + cleaning block 1.8
 + cleaning block 1.9
 + cleaning block 1.10
 + cleaning block 1.11
 + cleaning block 1.12
 + cleaning block 1.13
 + cleaning block 1.14
 + cleaning block 1.15
 + cleaning block 1.16
 + cleaning block 1.17
 + cleaning block 1.18
 + cleaning block 1.19
 + cleaning block 1.20
 + cleaning block 1.21
 + cleaning block 1.22
 + cleaning block 1.23
 + cleaning block 1.24
 + cleaning block 1.25
 > cleanblocks ok
