xx
<< Calling textblocks version 0.1.0
++ Log file set to sample2.out1.log
++ Created output file sample2.out1
++ Output file set to sample2.out1
 < copyblocks sample2.txt sample2.out1 "1.6 1.3 1.5 1.7 1.8 1.10 2.2-4 2.6-8 3.2-4 3.6 3.8 3.10 3.12 3.14 4.3 4.6-11 5.4-7 6.2 6.4 7.4-7 8.2 8.4 9.2 9.4 10.2-5 10.7 5.3 7.3 8.5 10.8"
 > copyblocks ok
xx
<< Calling textblocks version 0.1.0
++ Log file set to sample2.out1.log
++ Changes to be made on input file sample2.out1
 < mergeblocks sample2.out1 "1.8 1.10"
 > mergeblocks ok
xx
<< Calling textblocks version 0.1.0
++ Log file set to sample2.out1.log
++ Changes to be made on input file sample2.out1
 < mergeblocks sample2.out1 "2.4 2.6"
 > mergeblocks ok
xx
<< Calling textblocks version 0.1.0
++ Log file set to sample2.out1.log
++ Changes to be made on input file sample2.out1
 < mergeblocks sample2.out1 "3.4 3.6 3.8 3.10 3.12"
 > mergeblocks ok
xx
<< Calling textblocks version 0.1.0
++ Log file set to sample2.out1.log
++ Changes to be made on input file sample2.out1
 < mergeblocks sample2.out1 "4.3 4.6-7"
 > mergeblocks ok
xx
<< Calling textblocks version 0.1.0
++ Log file set to sample2.out1.log
++ Changes to be made on input file sample2.out1
 < mergeblocks sample2.out1 "5.4-5"
 > mergeblocks ok
xx
<< Calling textblocks version 0.1.0
++ Log file set to sample2.out1.log
++ Changes to be made on input file sample2.out1
 < mergeblocks sample2.out1 "6.2 6.4"
 > mergeblocks ok
xx
<< Calling textblocks version 0.1.0
++ Log file set to sample2.out1.log
++ Changes to be made on input file sample2.out1
 < mergeblocks sample2.out1 "7.4 7.5"
 > mergeblocks ok
xx
<< Calling textblocks version 0.1.0
++ Log file set to sample2.out1.log
++ Changes to be made on input file sample2.out1
 < mergeblocks sample2.out1 "8.2 8.4"
 > mergeblocks ok
xx
<< Calling textblocks version 0.1.0
++ Log file set to sample2.out1.log
++ Changes to be made on input file sample2.out1
 < mergeblocks sample2.out1 "9.2 9.4"
 > mergeblocks ok
xx
<< Calling textblocks version 0.1.0
++ Log file set to sample2.out1.log
++ Changes to be made on input file sample2.out1
 < mergeblocks sample2.out1 "10.5 10.7"
 > mergeblocks ok
xx
<< Calling textblocks version 0.1.0
++ Log file set to sample2.out1.log
++ Changes to be made on input file sample2.out1
 < autoblocks sample2.out1 merge
 < mergeblocks sample2.out1 {2.8 3.2}
 > mergeblocks ok
 < mergeblocks sample2.out1 {3.4 3.14 4.3}
 > mergeblocks ok
 < mergeblocks sample2.out1 {4.11 5.4}
 > mergeblocks ok
 < mergeblocks sample2.out1 {5.7 6.2 7.4}
 > mergeblocks ok
 < mergeblocks sample2.out1 {7.7 8.2 9.2}
 > mergeblocks ok
 > autoblocks blocks ok
xx
<< Calling textblocks version 0.1.0
++ Log file set to sample2.out1.log
++ Changes to be made on input file sample2.out1
 < autoblocks sample2.out1 renumber
 < renumberblocks sample2.out1 from 1.6 to 10.8
 > renumberblocks ok
 > autoblocks blocks ok
xx
<< Calling textblocks version 0.1.0
++ Log file set to sample2.out1.log
++ Changes to be made on input file sample2.out1
 < cleanblocks sample2.out1 sample2.out1  rs "\([a-z]\)- \+\([a-z]\):\1\2" sed /^\s*$/d as .:
 sed s/^ *//g
 + cleaning block 1.6
 + cleaning block 1.7
 + cleaning block 1.8
 + cleaning block 1.9
 + cleaning block 1.10
 + cleaning block 1.11
 + cleaning block 1.12
 + cleaning block 1.13
 + cleaning block 1.14
 + cleaning block 1.15
 + cleaning block 1.16
 + cleaning block 1.17
 + cleaning block 1.18
 + cleaning block 1.19
 + cleaning block 1.20
 + cleaning block 1.21
 + cleaning block 1.22
 + cleaning block 1.23
 + cleaning block 1.24
 + cleaning block 1.25
 + cleaning block 1.26
 + cleaning block 1.27
 + cleaning block 1.28
 + cleaning block 1.29
 + cleaning block 1.30
 + cleaning block 1.31
 + cleaning block 1.32
 + cleaning block 1.33
 > cleanblocks ok
