xx
<< Calling textblocks version 0.1.0
++ Log file set to sample5.meta.log
++ Created output file sample5.meta
++ Output file set to sample5.meta
 < cleanblocks sample5.out1 sample5.meta  addmeta before
 + cleaning block 1.1
 + cleaning block 1.2
 + cleaning block 1.3
 + cleaning block 1.4
 + cleaning block 1.5
 + cleaning block 1.6
 + cleaning block 1.7
 + cleaning block 1.8
 + cleaning block 1.9
 + cleaning block 1.10
 + cleaning block 1.11
 + cleaning block 1.12
 + cleaning block 1.13
 + cleaning block 1.14
 + cleaning block 1.15
 + cleaning block 1.16
 + cleaning block 1.17
 + cleaning block 1.18
 + cleaning block 1.19
 + cleaning block 1.20
 + cleaning block 1.21
 + cleaning block 1.22
 + cleaning block 1.23
 + cleaning block 1.24
 + cleaning block 1.25
 + cleaning block 1.26
 + cleaning block 1.27
 + cleaning block 1.28
 + cleaning block 1.29
 + cleaning block 1.30
 + cleaning block 1.31
 + cleaning block 1.32
 + cleaning block 1.33
 + cleaning block 1.34
 + cleaning block 1.35
 + cleaning block 1.36
 + cleaning block 1.37
 + cleaning block 1.38
 + cleaning block 1.39
 + cleaning block 1.40
 + cleaning block 1.41
 + cleaning block 1.42
 + cleaning block 1.43
 + cleaning block 1.44
 + cleaning block 1.45
 + cleaning block 1.46
 + cleaning block 1.47
 + cleaning block 1.48
 + cleaning block 1.49
 + cleaning block 1.50
 + cleaning block 1.51
 + cleaning block 1.52
 + cleaning block 1.53
 + cleaning block 1.54
 + cleaning block 1.55
 + cleaning block 1.56
 + cleaning block 1.57
 + cleaning block 1.58
 + cleaning block 1.59
 + cleaning block 1.60
 + cleaning block 1.61
 + cleaning block 1.62
 + cleaning block 1.63
 + cleaning block 1.64
 + cleaning block 1.65
 + cleaning block 1.66
 + cleaning block 1.67
 + cleaning block 1.68
 + cleaning block 1.69
 + cleaning block 1.70
 + cleaning block 1.71
 + cleaning block 1.72
 + cleaning block 1.73
 + cleaning block 1.74
 + cleaning block 1.75
 + cleaning block 1.76
 + cleaning block 1.77
 + cleaning block 1.78
 + cleaning block 1.79
 + cleaning block 1.80
 + cleaning block 1.81
 + cleaning block 1.82
 + cleaning block 1.83
 + cleaning block 1.84
 + cleaning block 1.85
 > cleanblocks ok
